2022-12-13 00:02:46 [SpringContextShutdownHook] INFO  com.zaxxer.hikari.HikariDataSource - HikariPool-1 - Shutdown initiated...
2022-12-13 00:02:46 [SpringContextShutdownHook] INFO  com.zaxxer.hikari.HikariDataSource - HikariPool-1 - Shutdown completed.
2022-12-13 00:02:53 [restartedMain] INFO  c.g.gpplatform.GpPlatformApplication - Starting GpPlatformApplication using Java 1.8.0_202 on DESKTOP-N2JHJL9 with PID 19748 (C:\Users\Administration\Desktop\sfg-platform\target\classes started by Administration in C:\Users\Administration\Desktop\sfg-platform)
2022-12-13 00:02:53 [restartedMain] INFO  c.g.gpplatform.GpPlatformApplication - No active profile set, falling back to default profiles: default
2022-12-13 00:02:55 [restartedMain] INFO  o.a.coyote.http11.Http11NioProtocol - Initializing ProtocolHandler ["http-nio-8090"]
2022-12-13 00:02:55 [restartedMain] INFO  o.a.catalina.core.StandardService - Starting service [Tomcat]
2022-12-13 00:02:55 [restartedMain] INFO  o.a.catalina.core.StandardEngine - Starting Servlet engine: [Apache Tomcat/9.0.44]
2022-12-13 00:02:55 [restartedMain] INFO  o.a.c.c.C.[Tomcat].[localhost].[/] - Initializing Spring embedded WebApplicationContext
2022-12-13 00:02:56 [restartedMain] INFO  o.a.coyote.http11.Http11NioProtocol - Starting ProtocolHandler ["http-nio-8090"]
2022-12-13 00:02:56 [restartedMain] INFO  c.g.gpplatform.GpPlatformApplication - Started GpPlatformApplication in 3.066 seconds (JVM running for 3.868)
2022-12-13 00:03:12 [http-nio-8090-exec-1] INFO  o.a.c.c.C.[Tomcat].[localhost].[/] - Initializing Spring DispatcherServlet 'dispatcherServlet'
2022-12-13 00:03:12 [http-nio-8090-exec-1] INFO  com.zaxxer.hikari.HikariDataSource - <0><11788942850687296> <0><11788942850687296> HikariPool-1 - Starting...
2022-12-13 00:03:12 [http-nio-8090-exec-1] INFO  com.zaxxer.hikari.HikariDataSource - <0><11788942850687296> <0><11788942850687296> HikariPool-1 - Start completed.
2022-12-13 00:11:15 [http-nio-8090-exec-4] WARN  o.s.w.s.m.s.DefaultHandlerExceptionResolver - <0><11788974495072576> <0><11788974495072576> Resolved [org.springframework.web.method.annotation.MethodArgumentTypeMismatchException: Failed to convert value of type 'java.lang.String' to required type 'java.lang.Integer'; nested exception is java.lang.NumberFormatException: For input string: "NaN"]
2022-12-13 00:59:55 [SpringContextShutdownHook] INFO  com.zaxxer.hikari.HikariDataSource - HikariPool-1 - Shutdown initiated...
2022-12-13 00:59:55 [SpringContextShutdownHook] INFO  com.zaxxer.hikari.HikariDataSource - HikariPool-1 - Shutdown completed.
2022-12-13 01:03:11 [restartedMain] INFO  c.g.gpplatform.GpPlatformApplication - Starting GpPlatformApplication using Java 1.8.0_202 on DESKTOP-N2JHJL9 with PID 15164 (C:\Users\Administration\Desktop\sfg-platform\target\classes started by Administration in C:\Users\Administration\Desktop\sfg-platform)
2022-12-13 01:03:11 [restartedMain] INFO  c.g.gpplatform.GpPlatformApplication - No active profile set, falling back to default profiles: default
2022-12-13 01:03:12 [restartedMain] INFO  o.a.coyote.http11.Http11NioProtocol - Initializing ProtocolHandler ["http-nio-8090"]
2022-12-13 01:03:12 [restartedMain] INFO  o.a.catalina.core.StandardService - Starting service [Tomcat]
2022-12-13 01:03:12 [restartedMain] INFO  o.a.catalina.core.StandardEngine - Starting Servlet engine: [Apache Tomcat/9.0.44]
2022-12-13 01:03:12 [restartedMain] INFO  o.a.c.c.C.[Tomcat].[localhost].[/] - Initializing Spring embedded WebApplicationContext
2022-12-13 01:03:13 [restartedMain] INFO  o.a.coyote.http11.Http11NioProtocol - Starting ProtocolHandler ["http-nio-8090"]
2022-12-13 01:03:13 [restartedMain] INFO  c.g.gpplatform.GpPlatformApplication - Started GpPlatformApplication in 3.16 seconds (JVM running for 3.953)
2022-12-13 01:14:56 [http-nio-8090-exec-2] INFO  o.a.c.c.C.[Tomcat].[localhost].[/] - Initializing Spring DispatcherServlet 'dispatcherServlet'
2022-12-13 01:14:57 [http-nio-8090-exec-2] INFO  com.zaxxer.hikari.HikariDataSource - <0><11789224971239744> <0><11789224971239744> HikariPool-1 - Starting...
2022-12-13 01:14:57 [http-nio-8090-exec-2] INFO  com.zaxxer.hikari.HikariDataSource - <0><11789224971239744> <0><11789224971239744> HikariPool-1 - Start completed.
2022-12-13 01:18:01 [SpringContextShutdownHook] INFO  com.zaxxer.hikari.HikariDataSource - HikariPool-1 - Shutdown initiated...
2022-12-13 01:18:01 [SpringContextShutdownHook] INFO  com.zaxxer.hikari.HikariDataSource - HikariPool-1 - Shutdown completed.
