2022-11-28 18:32:29 [main] INFO  o.s.b.t.c.SpringBootTestContextBootstrapper - Neither @ContextConfiguration nor @ContextHierarchy found for test class [com.gpzi.gpplatform.GpPlatformApplicationTests], using SpringBootContextLoader
2022-11-28 18:32:29 [main] INFO  o.s.t.c.s.AbstractContextLoader - Could not detect default resource locations for test class [com.gpzi.gpplatform.GpPlatformApplicationTests]: no resource found for suffixes {-context.xml, Context.groovy}.
2022-11-28 18:32:29 [main] INFO  o.s.t.c.s.AnnotationConfigContextLoaderUtils - Could not detect default configuration classes for test class [com.gpzi.gpplatform.GpPlatformApplicationTests]: GpPlatformApplicationTests does not declare any static, non-private, non-final, nested classes annotated with @Configuration.
2022-11-28 18:32:29 [main] INFO  o.s.b.t.c.SpringBootTestContextBootstrapper - Found @SpringBootConfiguration com.gpzi.gpplatform.GpPlatformApplication for test class com.gpzi.gpplatform.GpPlatformApplicationTests
2022-11-28 18:32:30 [main] INFO  o.s.b.t.c.SpringBootTestContextBootstrapper - Loaded default TestExecutionListener class names from location [META-INF/spring.factories]: [org.springframework.boot.test.mock.mockito.MockitoTestExecutionListener, org.springframework.boot.test.mock.mockito.ResetMocksTestExecutionListener, org.springframework.boot.test.autoconfigure.restdocs.RestDocsTestExecutionListener, org.springframework.boot.test.autoconfigure.web.client.MockRestServiceServerResetTestExecutionListener, org.springframework.boot.test.autoconfigure.web.servlet.MockMvcPrintOnlyOnFailureTestExecutionListener, org.springframework.boot.test.autoconfigure.web.servlet.WebDriverTestExecutionListener, org.springframework.boot.test.autoconfigure.webservices.client.MockWebServiceServerTestExecutionListener, org.springframework.test.context.web.ServletTestExecutionListener, org.springframework.test.context.support.DirtiesContextBeforeModesTestExecutionListener, org.springframework.test.context.event.ApplicationEventsTestExecutionListener, org.springframework.test.context.support.DependencyInjectionTestExecutionListener, org.springframework.test.context.support.DirtiesContextTestExecutionListener, org.springframework.test.context.transaction.TransactionalTestExecutionListener, org.springframework.test.context.jdbc.SqlScriptsTestExecutionListener, org.springframework.test.context.event.EventPublishingTestExecutionListener]
2022-11-28 18:32:30 [main] INFO  o.s.b.t.c.SpringBootTestContextBootstrapper - Using TestExecutionListeners: [org.springframework.test.context.web.ServletTestExecutionListener@1890516e, org.springframework.test.context.support.DirtiesContextBeforeModesTestExecutionListener@15a04efb, org.springframework.test.context.event.ApplicationEventsTestExecutionListener@16c069df, org.springframework.boot.test.mock.mockito.MockitoTestExecutionListener@2bec854f, org.springframework.boot.test.autoconfigure.SpringBootDependencyInjectionTestExecutionListener@31edaa7d, org.springframework.test.context.support.DirtiesContextTestExecutionListener@26adfd2d, org.springframework.test.context.transaction.TransactionalTestExecutionListener@3336e6b6, org.springframework.test.context.jdbc.SqlScriptsTestExecutionListener@7c3fdb62, org.springframework.test.context.event.EventPublishingTestExecutionListener@205d38da, org.springframework.boot.test.mock.mockito.ResetMocksTestExecutionListener@6950ed69, org.springframework.boot.test.autoconfigure.restdocs.RestDocsTestExecutionListener@6dd7b5a3, org.springframework.boot.test.autoconfigure.web.client.MockRestServiceServerResetTestExecutionListener@6f3187b0, org.springframework.boot.test.autoconfigure.web.servlet.MockMvcPrintOnlyOnFailureTestExecutionListener@2663e964, org.springframework.boot.test.autoconfigure.web.servlet.WebDriverTestExecutionListener@48b67364, org.springframework.boot.test.autoconfigure.webservices.client.MockWebServiceServerTestExecutionListener@189cbd7c]
2022-11-28 18:32:30 [main] INFO  c.g.g.GpPlatformApplicationTests - Starting GpPlatformApplicationTests using Java 1.8.0_202 on DESKTOP-N2JHJL9 with PID 12016 (started by Administration in C:\Users\Administration\Desktop\sys-platform (2)\sys-platform)
2022-11-28 18:32:30 [main] INFO  c.g.g.GpPlatformApplicationTests - No active profile set, falling back to default profiles: default
2022-11-28 18:32:33 [main] INFO  o.s.s.c.ThreadPoolTaskExecutor - Initializing ExecutorService 'applicationTaskExecutor'
2022-11-28 18:32:34 [main] INFO  c.g.g.GpPlatformApplicationTests - Started GpPlatformApplicationTests in 4.166 seconds (JVM running for 5.303)
2022-11-28 18:32:34 [SpringContextShutdownHook] INFO  o.s.s.c.ThreadPoolTaskExecutor - Shutting down ExecutorService 'applicationTaskExecutor'
2022-11-28 18:34:40 [main] INFO  o.s.b.t.c.SpringBootTestContextBootstrapper - Neither @ContextConfiguration nor @ContextHierarchy found for test class [com.gpzi.gpplatform.GpPlatformApplicationTests], using SpringBootContextLoader
2022-11-28 18:34:40 [main] INFO  o.s.t.c.s.AbstractContextLoader - Could not detect default resource locations for test class [com.gpzi.gpplatform.GpPlatformApplicationTests]: no resource found for suffixes {-context.xml, Context.groovy}.
2022-11-28 18:34:40 [main] INFO  o.s.t.c.s.AnnotationConfigContextLoaderUtils - Could not detect default configuration classes for test class [com.gpzi.gpplatform.GpPlatformApplicationTests]: GpPlatformApplicationTests does not declare any static, non-private, non-final, nested classes annotated with @Configuration.
2022-11-28 18:34:40 [main] INFO  o.s.b.t.c.SpringBootTestContextBootstrapper - Found @SpringBootConfiguration com.gpzi.gpplatform.GpPlatformApplication for test class com.gpzi.gpplatform.GpPlatformApplicationTests
2022-11-28 18:34:40 [main] INFO  o.s.b.t.c.SpringBootTestContextBootstrapper - Loaded default TestExecutionListener class names from location [META-INF/spring.factories]: [org.springframework.boot.test.mock.mockito.MockitoTestExecutionListener, org.springframework.boot.test.mock.mockito.ResetMocksTestExecutionListener, org.springframework.boot.test.autoconfigure.restdocs.RestDocsTestExecutionListener, org.springframework.boot.test.autoconfigure.web.client.MockRestServiceServerResetTestExecutionListener, org.springframework.boot.test.autoconfigure.web.servlet.MockMvcPrintOnlyOnFailureTestExecutionListener, org.springframework.boot.test.autoconfigure.web.servlet.WebDriverTestExecutionListener, org.springframework.boot.test.autoconfigure.webservices.client.MockWebServiceServerTestExecutionListener, org.springframework.test.context.web.ServletTestExecutionListener, org.springframework.test.context.support.DirtiesContextBeforeModesTestExecutionListener, org.springframework.test.context.event.ApplicationEventsTestExecutionListener, org.springframework.test.context.support.DependencyInjectionTestExecutionListener, org.springframework.test.context.support.DirtiesContextTestExecutionListener, org.springframework.test.context.transaction.TransactionalTestExecutionListener, org.springframework.test.context.jdbc.SqlScriptsTestExecutionListener, org.springframework.test.context.event.EventPublishingTestExecutionListener]
2022-11-28 18:34:40 [main] INFO  o.s.b.t.c.SpringBootTestContextBootstrapper - Using TestExecutionListeners: [org.springframework.test.context.web.ServletTestExecutionListener@1890516e, org.springframework.test.context.support.DirtiesContextBeforeModesTestExecutionListener@15a04efb, org.springframework.test.context.event.ApplicationEventsTestExecutionListener@16c069df, org.springframework.boot.test.mock.mockito.MockitoTestExecutionListener@2bec854f, org.springframework.boot.test.autoconfigure.SpringBootDependencyInjectionTestExecutionListener@31edaa7d, org.springframework.test.context.support.DirtiesContextTestExecutionListener@26adfd2d, org.springframework.test.context.transaction.TransactionalTestExecutionListener@3336e6b6, org.springframework.test.context.jdbc.SqlScriptsTestExecutionListener@7c3fdb62, org.springframework.test.context.event.EventPublishingTestExecutionListener@205d38da, org.springframework.boot.test.mock.mockito.ResetMocksTestExecutionListener@6950ed69, org.springframework.boot.test.autoconfigure.restdocs.RestDocsTestExecutionListener@6dd7b5a3, org.springframework.boot.test.autoconfigure.web.client.MockRestServiceServerResetTestExecutionListener@6f3187b0, org.springframework.boot.test.autoconfigure.web.servlet.MockMvcPrintOnlyOnFailureTestExecutionListener@2663e964, org.springframework.boot.test.autoconfigure.web.servlet.WebDriverTestExecutionListener@48b67364, org.springframework.boot.test.autoconfigure.webservices.client.MockWebServiceServerTestExecutionListener@189cbd7c]
2022-11-28 18:34:40 [main] INFO  c.g.g.GpPlatformApplicationTests - Starting GpPlatformApplicationTests using Java 1.8.0_202 on DESKTOP-N2JHJL9 with PID 6580 (started by Administration in C:\Users\Administration\Desktop\sys-platform (2)\sys-platform)
2022-11-28 18:34:40 [main] INFO  c.g.g.GpPlatformApplicationTests - No active profile set, falling back to default profiles: default
2022-11-28 18:34:44 [main] INFO  c.g.g.GpPlatformApplicationTests - Started GpPlatformApplicationTests in 4.042 seconds (JVM running for 5.114)
2022-11-28 19:01:18 [restartedMain] INFO  c.g.gpplatform.GpPlatformApplication - Starting GpPlatformApplication using Java 1.8.0_202 on DESKTOP-N2JHJL9 with PID 5304 (C:\Users\Administration\Desktop\sys-platform (2)\sys-platform\target\classes started by Administration in C:\Users\Administration\Desktop\sys-platform (2)\sys-platform)
2022-11-28 19:01:18 [restartedMain] INFO  c.g.gpplatform.GpPlatformApplication - No active profile set, falling back to default profiles: default
2022-11-28 19:01:19 [restartedMain] INFO  o.a.coyote.http11.Http11NioProtocol - Initializing ProtocolHandler ["http-nio-8090"]
2022-11-28 19:01:19 [restartedMain] INFO  o.a.catalina.core.StandardService - Starting service [Tomcat]
2022-11-28 19:01:19 [restartedMain] INFO  o.a.catalina.core.StandardEngine - Starting Servlet engine: [Apache Tomcat/9.0.44]
2022-11-28 19:01:19 [restartedMain] INFO  o.a.c.c.C.[Tomcat].[localhost].[/] - Initializing Spring embedded WebApplicationContext
2022-11-28 19:01:20 [restartedMain] INFO  o.a.coyote.http11.Http11NioProtocol - Starting ProtocolHandler ["http-nio-8090"]
2022-11-28 19:01:20 [restartedMain] INFO  c.g.gpplatform.GpPlatformApplication - Started GpPlatformApplication in 2.966 seconds (JVM running for 3.983)
2022-11-28 19:03:33 [restartedMain] INFO  c.g.gpplatform.GpPlatformApplication - Starting GpPlatformApplication using Java 1.8.0_202 on DESKTOP-N2JHJL9 with PID 19260 (C:\Users\Administration\Desktop\sys-platform (2)\sys-platform\target\classes started by Administration in C:\Users\Administration\Desktop\sys-platform (2)\sys-platform)
2022-11-28 19:03:33 [restartedMain] INFO  c.g.gpplatform.GpPlatformApplication - No active profile set, falling back to default profiles: default
2022-11-28 19:03:35 [restartedMain] INFO  o.a.coyote.http11.Http11NioProtocol - Initializing ProtocolHandler ["http-nio-8090"]
2022-11-28 19:03:35 [restartedMain] INFO  o.a.catalina.core.StandardService - Starting service [Tomcat]
2022-11-28 19:03:35 [restartedMain] INFO  o.a.catalina.core.StandardEngine - Starting Servlet engine: [Apache Tomcat/9.0.44]
2022-11-28 19:03:35 [restartedMain] INFO  o.a.c.c.C.[Tomcat].[localhost].[/] - Initializing Spring embedded WebApplicationContext
2022-11-28 19:03:36 [restartedMain] INFO  o.a.coyote.http11.Http11NioProtocol - Starting ProtocolHandler ["http-nio-8090"]
2022-11-28 19:03:36 [restartedMain] INFO  c.g.gpplatform.GpPlatformApplication - Started GpPlatformApplication in 3.002 seconds (JVM running for 3.854)
2022-11-28 19:04:37 [main] INFO  o.s.b.t.c.SpringBootTestContextBootstrapper - Neither @ContextConfiguration nor @ContextHierarchy found for test class [com.gpzi.gpplatform.GpPlatformApplicationTests], using SpringBootContextLoader
2022-11-28 19:04:37 [main] INFO  o.s.t.c.s.AbstractContextLoader - Could not detect default resource locations for test class [com.gpzi.gpplatform.GpPlatformApplicationTests]: no resource found for suffixes {-context.xml, Context.groovy}.
2022-11-28 19:04:37 [main] INFO  o.s.t.c.s.AnnotationConfigContextLoaderUtils - Could not detect default configuration classes for test class [com.gpzi.gpplatform.GpPlatformApplicationTests]: GpPlatformApplicationTests does not declare any static, non-private, non-final, nested classes annotated with @Configuration.
2022-11-28 19:04:37 [main] INFO  o.s.b.t.c.SpringBootTestContextBootstrapper - Found @SpringBootConfiguration com.gpzi.gpplatform.GpPlatformApplication for test class com.gpzi.gpplatform.GpPlatformApplicationTests
2022-11-28 19:04:37 [main] INFO  o.s.b.t.c.SpringBootTestContextBootstrapper - Loaded default TestExecutionListener class names from location [META-INF/spring.factories]: [org.springframework.boot.test.mock.mockito.MockitoTestExecutionListener, org.springframework.boot.test.mock.mockito.ResetMocksTestExecutionListener, org.springframework.boot.test.autoconfigure.restdocs.RestDocsTestExecutionListener, org.springframework.boot.test.autoconfigure.web.client.MockRestServiceServerResetTestExecutionListener, org.springframework.boot.test.autoconfigure.web.servlet.MockMvcPrintOnlyOnFailureTestExecutionListener, org.springframework.boot.test.autoconfigure.web.servlet.WebDriverTestExecutionListener, org.springframework.boot.test.autoconfigure.webservices.client.MockWebServiceServerTestExecutionListener, org.springframework.test.context.web.ServletTestExecutionListener, org.springframework.test.context.support.DirtiesContextBeforeModesTestExecutionListener, org.springframework.test.context.event.ApplicationEventsTestExecutionListener, org.springframework.test.context.support.DependencyInjectionTestExecutionListener, org.springframework.test.context.support.DirtiesContextTestExecutionListener, org.springframework.test.context.transaction.TransactionalTestExecutionListener, org.springframework.test.context.jdbc.SqlScriptsTestExecutionListener, org.springframework.test.context.event.EventPublishingTestExecutionListener]
2022-11-28 19:04:37 [main] INFO  o.s.b.t.c.SpringBootTestContextBootstrapper - Using TestExecutionListeners: [org.springframework.test.context.web.ServletTestExecutionListener@1890516e, org.springframework.test.context.support.DirtiesContextBeforeModesTestExecutionListener@15a04efb, org.springframework.test.context.event.ApplicationEventsTestExecutionListener@16c069df, org.springframework.boot.test.mock.mockito.MockitoTestExecutionListener@2bec854f, org.springframework.boot.test.autoconfigure.SpringBootDependencyInjectionTestExecutionListener@31edaa7d, org.springframework.test.context.support.DirtiesContextTestExecutionListener@26adfd2d, org.springframework.test.context.transaction.TransactionalTestExecutionListener@3336e6b6, org.springframework.test.context.jdbc.SqlScriptsTestExecutionListener@7c3fdb62, org.springframework.test.context.event.EventPublishingTestExecutionListener@205d38da, org.springframework.boot.test.mock.mockito.ResetMocksTestExecutionListener@6950ed69, org.springframework.boot.test.autoconfigure.restdocs.RestDocsTestExecutionListener@6dd7b5a3, org.springframework.boot.test.autoconfigure.web.client.MockRestServiceServerResetTestExecutionListener@6f3187b0, org.springframework.boot.test.autoconfigure.web.servlet.MockMvcPrintOnlyOnFailureTestExecutionListener@2663e964, org.springframework.boot.test.autoconfigure.web.servlet.WebDriverTestExecutionListener@48b67364, org.springframework.boot.test.autoconfigure.webservices.client.MockWebServiceServerTestExecutionListener@189cbd7c]
2022-11-28 19:04:37 [main] INFO  c.g.g.GpPlatformApplicationTests - Starting GpPlatformApplicationTests using Java 1.8.0_202 on DESKTOP-N2JHJL9 with PID 19208 (started by Administration in C:\Users\Administration\Desktop\sys-platform (2)\sys-platform)
2022-11-28 19:04:37 [main] INFO  c.g.g.GpPlatformApplicationTests - No active profile set, falling back to default profiles: default
2022-11-28 19:04:41 [main] INFO  c.g.g.GpPlatformApplicationTests - Started GpPlatformApplicationTests in 4.032 seconds (JVM running for 5.098)
2022-11-28 19:04:49 [restartedMain] INFO  c.g.gpplatform.GpPlatformApplication - Starting GpPlatformApplication using Java 1.8.0_202 on DESKTOP-N2JHJL9 with PID 2056 (C:\Users\Administration\Desktop\sys-platform (2)\sys-platform\target\classes started by Administration in C:\Users\Administration\Desktop\sys-platform (2)\sys-platform)
2022-11-28 19:04:49 [restartedMain] INFO  c.g.gpplatform.GpPlatformApplication - No active profile set, falling back to default profiles: default
2022-11-28 19:04:50 [restartedMain] INFO  o.a.coyote.http11.Http11NioProtocol - Initializing ProtocolHandler ["http-nio-8090"]
2022-11-28 19:04:50 [restartedMain] INFO  o.a.catalina.core.StandardService - Starting service [Tomcat]
2022-11-28 19:04:50 [restartedMain] INFO  o.a.catalina.core.StandardEngine - Starting Servlet engine: [Apache Tomcat/9.0.44]
2022-11-28 19:04:50 [restartedMain] INFO  o.a.c.c.C.[Tomcat].[localhost].[/] - Initializing Spring embedded WebApplicationContext
2022-11-28 19:04:52 [restartedMain] INFO  o.a.coyote.http11.Http11NioProtocol - Starting ProtocolHandler ["http-nio-8090"]
2022-11-28 19:04:52 [restartedMain] INFO  c.g.gpplatform.GpPlatformApplication - Started GpPlatformApplication in 2.979 seconds (JVM running for 3.808)
2022-11-28 19:11:30 [restartedMain] INFO  c.g.gpplatform.GpPlatformApplication - Starting GpPlatformApplication using Java 1.8.0_202 on DESKTOP-N2JHJL9 with PID 15724 (C:\Users\Administration\Desktop\sys-platform (2)\sys-platform\target\classes started by Administration in C:\Users\Administration\Desktop\sys-platform (2)\sys-platform)
2022-11-28 19:11:30 [restartedMain] INFO  c.g.gpplatform.GpPlatformApplication - No active profile set, falling back to default profiles: default
2022-11-28 19:11:31 [restartedMain] INFO  o.a.coyote.http11.Http11NioProtocol - Initializing ProtocolHandler ["http-nio-8090"]
2022-11-28 19:11:31 [restartedMain] INFO  o.a.catalina.core.StandardService - Starting service [Tomcat]
2022-11-28 19:11:31 [restartedMain] INFO  o.a.catalina.core.StandardEngine - Starting Servlet engine: [Apache Tomcat/9.0.44]
2022-11-28 19:11:31 [restartedMain] INFO  o.a.c.c.C.[Tomcat].[localhost].[/] - Initializing Spring embedded WebApplicationContext
2022-11-28 19:11:32 [restartedMain] INFO  o.a.coyote.http11.Http11NioProtocol - Starting ProtocolHandler ["http-nio-8090"]
2022-11-28 19:11:32 [restartedMain] INFO  c.g.gpplatform.GpPlatformApplication - Started GpPlatformApplication in 2.961 seconds (JVM running for 3.787)
2022-11-28 19:12:14 [restartedMain] INFO  c.g.gpplatform.GpPlatformApplication - Starting GpPlatformApplication using Java 1.8.0_202 on DESKTOP-N2JHJL9 with PID 15724 (C:\Users\Administration\Desktop\sys-platform (2)\sys-platform\target\classes started by Administration in C:\Users\Administration\Desktop\sys-platform (2)\sys-platform)
2022-11-28 19:12:14 [restartedMain] INFO  c.g.gpplatform.GpPlatformApplication - No active profile set, falling back to default profiles: default
2022-11-28 19:12:14 [restartedMain] INFO  o.a.catalina.core.StandardService - Starting service [Tomcat]
2022-11-28 19:12:14 [restartedMain] INFO  o.a.catalina.core.StandardEngine - Starting Servlet engine: [Apache Tomcat/9.0.44]
2022-11-28 19:12:14 [restartedMain] INFO  o.a.c.c.C.[Tomcat-1].[localhost].[/] - Initializing Spring embedded WebApplicationContext
2022-11-28 19:12:15 [restartedMain] INFO  c.g.gpplatform.GpPlatformApplication - Started GpPlatformApplication in 0.835 seconds (JVM running for 46.105)
2022-11-28 19:12:19 [restartedMain] INFO  c.g.gpplatform.GpPlatformApplication - Starting GpPlatformApplication using Java 1.8.0_202 on DESKTOP-N2JHJL9 with PID 15724 (C:\Users\Administration\Desktop\sys-platform (2)\sys-platform\target\classes started by Administration in C:\Users\Administration\Desktop\sys-platform (2)\sys-platform)
2022-11-28 19:12:19 [restartedMain] INFO  c.g.gpplatform.GpPlatformApplication - No active profile set, falling back to default profiles: default
2022-11-28 19:12:19 [restartedMain] INFO  o.a.catalina.core.StandardService - Starting service [Tomcat]
2022-11-28 19:12:19 [restartedMain] INFO  o.a.catalina.core.StandardEngine - Starting Servlet engine: [Apache Tomcat/9.0.44]
2022-11-28 19:12:19 [restartedMain] INFO  o.a.c.c.C.[Tomcat-1].[localhost].[/] - Initializing Spring embedded WebApplicationContext
2022-11-28 19:12:19 [restartedMain] INFO  c.g.gpplatform.GpPlatformApplication - Started GpPlatformApplication in 0.967 seconds (JVM running for 50.881)
2022-11-28 19:14:17 [main] INFO  o.s.b.t.c.SpringBootTestContextBootstrapper - Neither @ContextConfiguration nor @ContextHierarchy found for test class [com.gpzi.gpplatform.GpPlatformApplicationTests], using SpringBootContextLoader
2022-11-28 19:14:17 [main] INFO  o.s.t.c.s.AbstractContextLoader - Could not detect default resource locations for test class [com.gpzi.gpplatform.GpPlatformApplicationTests]: no resource found for suffixes {-context.xml, Context.groovy}.
2022-11-28 19:14:17 [main] INFO  o.s.t.c.s.AnnotationConfigContextLoaderUtils - Could not detect default configuration classes for test class [com.gpzi.gpplatform.GpPlatformApplicationTests]: GpPlatformApplicationTests does not declare any static, non-private, non-final, nested classes annotated with @Configuration.
2022-11-28 19:14:17 [main] INFO  o.s.b.t.c.SpringBootTestContextBootstrapper - Found @SpringBootConfiguration com.gpzi.gpplatform.GpPlatformApplication for test class com.gpzi.gpplatform.GpPlatformApplicationTests
2022-11-28 19:14:17 [main] INFO  o.s.b.t.c.SpringBootTestContextBootstrapper - Loaded default TestExecutionListener class names from location [META-INF/spring.factories]: [org.springframework.boot.test.mock.mockito.MockitoTestExecutionListener, org.springframework.boot.test.mock.mockito.ResetMocksTestExecutionListener, org.springframework.boot.test.autoconfigure.restdocs.RestDocsTestExecutionListener, org.springframework.boot.test.autoconfigure.web.client.MockRestServiceServerResetTestExecutionListener, org.springframework.boot.test.autoconfigure.web.servlet.MockMvcPrintOnlyOnFailureTestExecutionListener, org.springframework.boot.test.autoconfigure.web.servlet.WebDriverTestExecutionListener, org.springframework.boot.test.autoconfigure.webservices.client.MockWebServiceServerTestExecutionListener, org.springframework.test.context.web.ServletTestExecutionListener, org.springframework.test.context.support.DirtiesContextBeforeModesTestExecutionListener, org.springframework.test.context.event.ApplicationEventsTestExecutionListener, org.springframework.test.context.support.DependencyInjectionTestExecutionListener, org.springframework.test.context.support.DirtiesContextTestExecutionListener, org.springframework.test.context.transaction.TransactionalTestExecutionListener, org.springframework.test.context.jdbc.SqlScriptsTestExecutionListener, org.springframework.test.context.event.EventPublishingTestExecutionListener]
2022-11-28 19:14:17 [main] INFO  o.s.b.t.c.SpringBootTestContextBootstrapper - Using TestExecutionListeners: [org.springframework.test.context.web.ServletTestExecutionListener@1890516e, org.springframework.test.context.support.DirtiesContextBeforeModesTestExecutionListener@15a04efb, org.springframework.test.context.event.ApplicationEventsTestExecutionListener@16c069df, org.springframework.boot.test.mock.mockito.MockitoTestExecutionListener@2bec854f, org.springframework.boot.test.autoconfigure.SpringBootDependencyInjectionTestExecutionListener@31edaa7d, org.springframework.test.context.support.DirtiesContextTestExecutionListener@26adfd2d, org.springframework.test.context.transaction.TransactionalTestExecutionListener@3336e6b6, org.springframework.test.context.jdbc.SqlScriptsTestExecutionListener@7c3fdb62, org.springframework.test.context.event.EventPublishingTestExecutionListener@205d38da, org.springframework.boot.test.mock.mockito.ResetMocksTestExecutionListener@6950ed69, org.springframework.boot.test.autoconfigure.restdocs.RestDocsTestExecutionListener@6dd7b5a3, org.springframework.boot.test.autoconfigure.web.client.MockRestServiceServerResetTestExecutionListener@6f3187b0, org.springframework.boot.test.autoconfigure.web.servlet.MockMvcPrintOnlyOnFailureTestExecutionListener@2663e964, org.springframework.boot.test.autoconfigure.web.servlet.WebDriverTestExecutionListener@48b67364, org.springframework.boot.test.autoconfigure.webservices.client.MockWebServiceServerTestExecutionListener@189cbd7c]
2022-11-28 19:14:18 [main] INFO  c.g.g.GpPlatformApplicationTests - Starting GpPlatformApplicationTests using Java 1.8.0_202 on DESKTOP-N2JHJL9 with PID 17832 (started by Administration in C:\Users\Administration\Desktop\sys-platform (2)\sys-platform)
2022-11-28 19:14:18 [main] INFO  c.g.g.GpPlatformApplicationTests - No active profile set, falling back to default profiles: default
2022-11-28 19:14:22 [main] INFO  c.g.g.GpPlatformApplicationTests - Started GpPlatformApplicationTests in 4.271 seconds (JVM running for 5.432)
2022-12-11 22:45:08 [restartedMain] INFO  c.g.gpplatform.GpPlatformApplication - Starting GpPlatformApplication using Java 1.8.0_202 on DESKTOP-N2JHJL9 with PID 8720 (C:\Users\Administration\Desktop\sfg-platform\target\classes started by Administration in C:\Users\Administration\Desktop\sfg-platform)
2022-12-11 22:45:08 [restartedMain] INFO  c.g.gpplatform.GpPlatformApplication - No active profile set, falling back to default profiles: default
2022-12-11 22:45:09 [restartedMain] INFO  o.a.coyote.http11.Http11NioProtocol - Initializing ProtocolHandler ["http-nio-8090"]
2022-12-11 22:45:09 [restartedMain] INFO  o.a.catalina.core.StandardService - Starting service [Tomcat]
2022-12-11 22:45:09 [restartedMain] INFO  o.a.catalina.core.StandardEngine - Starting Servlet engine: [Apache Tomcat/9.0.44]
2022-12-11 22:45:09 [restartedMain] INFO  o.a.c.c.C.[Tomcat].[localhost].[/] - Initializing Spring embedded WebApplicationContext
2022-12-11 22:45:10 [restartedMain] INFO  o.a.coyote.http11.Http11NioProtocol - Starting ProtocolHandler ["http-nio-8090"]
2022-12-11 22:45:10 [restartedMain] INFO  c.g.gpplatform.GpPlatformApplication - Started GpPlatformApplication in 3.313 seconds (JVM running for 4.195)
2022-12-11 22:55:37 [http-nio-8090-exec-1] INFO  o.a.c.c.C.[Tomcat].[localhost].[/] - Initializing Spring DispatcherServlet 'dispatcherServlet'
2022-12-11 22:55:37 [http-nio-8090-exec-1] INFO  com.zaxxer.hikari.HikariDataSource - <0><11783014821560640> HikariPool-1 - Starting...
2022-12-11 22:55:38 [http-nio-8090-exec-1] INFO  com.zaxxer.hikari.HikariDataSource - <0><11783014821560640> HikariPool-1 - Start completed.
2022-12-11 23:41:04 [SpringContextShutdownHook] INFO  com.zaxxer.hikari.HikariDataSource - HikariPool-1 - Shutdown initiated...
2022-12-11 23:41:04 [SpringContextShutdownHook] INFO  com.zaxxer.hikari.HikariDataSource - HikariPool-1 - Shutdown completed.
2022-12-11 23:41:10 [restartedMain] INFO  c.g.gpplatform.GpPlatformApplication - Starting GpPlatformApplication using Java 1.8.0_202 on DESKTOP-N2JHJL9 with PID 19512 (C:\Users\Administration\Desktop\sfg-platform\target\classes started by Administration in C:\Users\Administration\Desktop\sfg-platform)
2022-12-11 23:41:10 [restartedMain] INFO  c.g.gpplatform.GpPlatformApplication - No active profile set, falling back to default profiles: default
2022-12-11 23:41:11 [restartedMain] INFO  o.a.coyote.http11.Http11NioProtocol - Initializing ProtocolHandler ["http-nio-8090"]
2022-12-11 23:41:11 [restartedMain] INFO  o.a.catalina.core.StandardService - Starting service [Tomcat]
2022-12-11 23:41:11 [restartedMain] INFO  o.a.catalina.core.StandardEngine - Starting Servlet engine: [Apache Tomcat/9.0.44]
2022-12-11 23:41:11 [restartedMain] INFO  o.a.c.c.C.[Tomcat].[localhost].[/] - Initializing Spring embedded WebApplicationContext
2022-12-11 23:41:13 [restartedMain] INFO  o.a.coyote.http11.Http11NioProtocol - Starting ProtocolHandler ["http-nio-8090"]
2022-12-11 23:41:13 [restartedMain] INFO  c.g.gpplatform.GpPlatformApplication - Started GpPlatformApplication in 3.094 seconds (JVM running for 3.858)
2022-12-11 23:43:41 [http-nio-8090-exec-2] INFO  o.a.c.c.C.[Tomcat].[localhost].[/] - Initializing Spring DispatcherServlet 'dispatcherServlet'
2022-12-11 23:43:42 [http-nio-8090-exec-2] INFO  com.zaxxer.hikari.HikariDataSource - <0><11783203856744769> HikariPool-1 - Starting...
2022-12-11 23:43:42 [http-nio-8090-exec-2] INFO  com.zaxxer.hikari.HikariDataSource - <0><11783203856744769> HikariPool-1 - Start completed.
2022-12-11 23:44:36 [SpringContextShutdownHook] INFO  com.zaxxer.hikari.HikariDataSource - HikariPool-1 - Shutdown initiated...
2022-12-11 23:44:36 [SpringContextShutdownHook] INFO  com.zaxxer.hikari.HikariDataSource - HikariPool-1 - Shutdown completed.
2022-12-11 23:44:44 [restartedMain] INFO  c.g.gpplatform.GpPlatformApplication - Starting GpPlatformApplication using Java 1.8.0_202 on DESKTOP-N2JHJL9 with PID 19364 (C:\Users\Administration\Desktop\sfg-platform\target\classes started by Administration in C:\Users\Administration\Desktop\sfg-platform)
2022-12-11 23:44:44 [restartedMain] INFO  c.g.gpplatform.GpPlatformApplication - No active profile set, falling back to default profiles: default
2022-12-11 23:44:45 [restartedMain] INFO  o.a.coyote.http11.Http11NioProtocol - Initializing ProtocolHandler ["http-nio-8090"]
2022-12-11 23:44:45 [restartedMain] INFO  o.a.catalina.core.StandardService - Starting service [Tomcat]
2022-12-11 23:44:45 [restartedMain] INFO  o.a.catalina.core.StandardEngine - Starting Servlet engine: [Apache Tomcat/9.0.44]
2022-12-11 23:44:45 [restartedMain] INFO  o.a.c.c.C.[Tomcat].[localhost].[/] - Initializing Spring embedded WebApplicationContext
2022-12-11 23:44:46 [restartedMain] INFO  o.a.coyote.http11.Http11NioProtocol - Starting ProtocolHandler ["http-nio-8090"]
2022-12-11 23:44:46 [restartedMain] INFO  c.g.gpplatform.GpPlatformApplication - Started GpPlatformApplication in 2.904 seconds (JVM running for 3.651)
2022-12-11 23:45:40 [http-nio-8090-exec-2] INFO  o.a.c.c.C.[Tomcat].[localhost].[/] - Initializing Spring DispatcherServlet 'dispatcherServlet'
2022-12-11 23:45:40 [http-nio-8090-exec-1] INFO  com.zaxxer.hikari.HikariDataSource - <0><11783211618173249> HikariPool-1 - Starting...
2022-12-11 23:45:40 [http-nio-8090-exec-1] INFO  com.zaxxer.hikari.HikariDataSource - <0><11783211618173249> HikariPool-1 - Start completed.
2022-12-11 23:52:28 [SpringContextShutdownHook] INFO  com.zaxxer.hikari.HikariDataSource - HikariPool-1 - Shutdown initiated...
2022-12-11 23:52:28 [SpringContextShutdownHook] INFO  com.zaxxer.hikari.HikariDataSource - HikariPool-1 - Shutdown completed.
2022-12-11 23:52:35 [restartedMain] INFO  c.g.gpplatform.GpPlatformApplication - Starting GpPlatformApplication using Java 1.8.0_202 on DESKTOP-N2JHJL9 with PID 17784 (C:\Users\Administration\Desktop\sfg-platform\target\classes started by Administration in C:\Users\Administration\Desktop\sfg-platform)
2022-12-11 23:52:35 [restartedMain] INFO  c.g.gpplatform.GpPlatformApplication - No active profile set, falling back to default profiles: default
2022-12-11 23:52:36 [restartedMain] INFO  o.a.coyote.http11.Http11NioProtocol - Initializing ProtocolHandler ["http-nio-8090"]
2022-12-11 23:52:36 [restartedMain] INFO  o.a.catalina.core.StandardService - Starting service [Tomcat]
2022-12-11 23:52:36 [restartedMain] INFO  o.a.catalina.core.StandardEngine - Starting Servlet engine: [Apache Tomcat/9.0.44]
2022-12-11 23:52:36 [restartedMain] INFO  o.a.c.c.C.[Tomcat].[localhost].[/] - Initializing Spring embedded WebApplicationContext
2022-12-11 23:52:38 [restartedMain] INFO  o.a.coyote.http11.Http11NioProtocol - Starting ProtocolHandler ["http-nio-8090"]
2022-12-11 23:52:38 [restartedMain] INFO  c.g.gpplatform.GpPlatformApplication - Started GpPlatformApplication in 2.883 seconds (JVM running for 3.642)
2022-12-11 23:52:49 [http-nio-8090-exec-2] INFO  o.a.c.c.C.[Tomcat].[localhost].[/] - Initializing Spring DispatcherServlet 'dispatcherServlet'
2022-12-11 23:52:49 [http-nio-8090-exec-2] INFO  com.zaxxer.hikari.HikariDataSource - <0><11783239718109504> HikariPool-1 - Starting...
2022-12-11 23:52:49 [http-nio-8090-exec-2] INFO  com.zaxxer.hikari.HikariDataSource - <0><11783239718109504> HikariPool-1 - Start completed.
2022-12-11 23:54:19 [SpringContextShutdownHook] INFO  com.zaxxer.hikari.HikariDataSource - HikariPool-1 - Shutdown initiated...
2022-12-11 23:54:19 [SpringContextShutdownHook] INFO  com.zaxxer.hikari.HikariDataSource - HikariPool-1 - Shutdown completed.
2022-12-11 23:54:25 [restartedMain] INFO  c.g.gpplatform.GpPlatformApplication - Starting GpPlatformApplication using Java 1.8.0_202 on DESKTOP-N2JHJL9 with PID 20048 (C:\Users\Administration\Desktop\sfg-platform\target\classes started by Administration in C:\Users\Administration\Desktop\sfg-platform)
2022-12-11 23:54:25 [restartedMain] INFO  c.g.gpplatform.GpPlatformApplication - No active profile set, falling back to default profiles: default
2022-12-11 23:54:26 [restartedMain] INFO  o.a.coyote.http11.Http11NioProtocol - Initializing ProtocolHandler ["http-nio-8090"]
2022-12-11 23:54:26 [restartedMain] INFO  o.a.catalina.core.StandardService - Starting service [Tomcat]
2022-12-11 23:54:26 [restartedMain] INFO  o.a.catalina.core.StandardEngine - Starting Servlet engine: [Apache Tomcat/9.0.44]
2022-12-11 23:54:26 [restartedMain] INFO  o.a.c.c.C.[Tomcat].[localhost].[/] - Initializing Spring embedded WebApplicationContext
2022-12-11 23:54:28 [restartedMain] INFO  o.a.coyote.http11.Http11NioProtocol - Starting ProtocolHandler ["http-nio-8090"]
2022-12-11 23:54:28 [restartedMain] INFO  c.g.gpplatform.GpPlatformApplication - Started GpPlatformApplication in 2.875 seconds (JVM running for 3.615)
2022-12-11 23:54:41 [http-nio-8090-exec-1] INFO  o.a.c.c.C.[Tomcat].[localhost].[/] - Initializing Spring DispatcherServlet 'dispatcherServlet'
2022-12-11 23:54:41 [http-nio-8090-exec-2] INFO  com.zaxxer.hikari.HikariDataSource - <0><11783247046607169> HikariPool-1 - Starting...
2022-12-11 23:54:41 [http-nio-8090-exec-2] INFO  com.zaxxer.hikari.HikariDataSource - <0><11783247046607169> HikariPool-1 - Start completed.
2022-12-11 23:58:22 [SpringContextShutdownHook] INFO  com.zaxxer.hikari.HikariDataSource - HikariPool-1 - Shutdown initiated...
2022-12-11 23:58:22 [SpringContextShutdownHook] INFO  com.zaxxer.hikari.HikariDataSource - HikariPool-1 - Shutdown completed.
2022-12-11 23:58:30 [restartedMain] INFO  c.g.gpplatform.GpPlatformApplication - Starting GpPlatformApplication using Java 1.8.0_202 on DESKTOP-N2JHJL9 with PID 17060 (C:\Users\Administration\Desktop\sfg-platform\target\classes started by Administration in C:\Users\Administration\Desktop\sfg-platform)
2022-12-11 23:58:30 [restartedMain] INFO  c.g.gpplatform.GpPlatformApplication - No active profile set, falling back to default profiles: default
2022-12-11 23:58:31 [restartedMain] INFO  o.a.coyote.http11.Http11NioProtocol - Initializing ProtocolHandler ["http-nio-8090"]
2022-12-11 23:58:31 [restartedMain] INFO  o.a.catalina.core.StandardService - Starting service [Tomcat]
2022-12-11 23:58:31 [restartedMain] INFO  o.a.catalina.core.StandardEngine - Starting Servlet engine: [Apache Tomcat/9.0.44]
2022-12-11 23:58:31 [restartedMain] INFO  o.a.c.c.C.[Tomcat].[localhost].[/] - Initializing Spring embedded WebApplicationContext
2022-12-11 23:58:33 [restartedMain] INFO  o.a.coyote.http11.Http11NioProtocol - Starting ProtocolHandler ["http-nio-8090"]
2022-12-11 23:58:33 [restartedMain] INFO  c.g.gpplatform.GpPlatformApplication - Started GpPlatformApplication in 2.912 seconds (JVM running for 3.649)
2022-12-11 23:58:43 [http-nio-8090-exec-2] INFO  o.a.c.c.C.[Tomcat].[localhost].[/] - Initializing Spring DispatcherServlet 'dispatcherServlet'
2022-12-11 23:58:44 [http-nio-8090-exec-2] INFO  com.zaxxer.hikari.HikariDataSource - <0><11783262956126528> HikariPool-1 - Starting...
2022-12-11 23:58:44 [http-nio-8090-exec-2] INFO  com.zaxxer.hikari.HikariDataSource - <0><11783262956126528> HikariPool-1 - Start completed.
